Arguments: 
  C:\Program Files\nodejs\node.exe C:\Program Files (x86)\Yarn\bin\yarn.js add pity

PATH: 
  C:\Windows\system32;C:\Windows;C:\Windows\System32\Wbem;C:\Windows\System32\WindowsPowerShell\v1.0\;C:\Windows\System32\OpenSSH\;C:\Program Files\Git\cmd;C:\Python27;C:\Program Files (x86)\Yarn\bin\;C:\Program Files\nodejs\;C:\Users\jacob.hsu\.windows-build-tools\python27\;C:\Users\jacob.hsu\AppData\Local\Microsoft\WindowsApps;C:\Users\jacob.hsu\AppData\Local\Programs\Microsoft VS Code\bin;C:\hugo;C:\bin;C:\Users\jacob.hsu\AppData\Local\Yarn\bin;C:\Users\jacob.hsu\AppData\Roaming\npm

Yarn version: 
  1.19.2

Node version: 
  10.17.0

Platform: 
  win32 x64

Trace: 
  Error: https://registry.yarnpkg.com/pity: Not found
      at Request.params.callback [as _callback] (C:\Program Files (x86)\Yarn\lib\cli.js:66036:18)
      at Request.self.callback (C:\Program Files (x86)\Yarn\lib\cli.js:140586:22)
      at Request.emit (events.js:198:13)
      at Request.<anonymous> (C:\Program Files (x86)\Yarn\lib\cli.js:141558:10)
      at Request.emit (events.js:198:13)
      at IncomingMessage.<anonymous> (C:\Program Files (x86)\Yarn\lib\cli.js:141480:12)
      at Object.onceWrapper (events.js:286:20)
      at IncomingMessage.emit (events.js:203:15)
      at endReadableNT (_stream_readable.js:1143:12)
      at process._tickCallback (internal/process/next_tick.js:63:19)

npm manifest: 
  {
    "name": "pify-demo",
    "version": "1.0.0",
    "main": "index.js",
    "scripts": {
      "test": "node index"
    },
    "license": "MIT"
  }

yarn manifest: 
  No manifest

Lockfile: 
  No lockfile
